<?xml version="1.0" encoding="UTF-8"?>
<testsuite xmlns:xsi="http://www.w3.org/2001/XMLSchema-instance" xsi:noNamespaceSchemaLocation="https://maven.apache.org/surefire/maven-surefire-plugin/xsd/surefire-test-report.xsd" version="3.0.2" name="com.safe.springboot.api.safe_bite.SafeBiteApplicationTests" time="3.255" tests="1" errors="0" skipped="0" failures="0">
  <properties>
    <property name="java.specification.version" value="23"/>
    <property name="sun.jnu.encoding" value="UTF-8"/>
    <property name="java.class.path" value="/Users/macbookpro/SafeBite/safe-bite-api/target/test-classes:/Users/macbookpro/SafeBite/safe-bite-api/target/classes:/Users/macbookpro/.m2/repository/org/springframework/boot/spring-boot-starter-web/3.4.3/spring-boot-starter-web-3.4.3.jar:/Users/macbookpro/.m2/repository/org/springframework/boot/spring-boot-starter/3.4.3/spring-boot-starter-3.4.3.jar:/Users/macbookpro/.m2/repository/org/springframework/boot/spring-boot-starter-logging/3.4.3/spring-boot-starter-logging-3.4.3.jar:/Users/macbookpro/.m2/repository/ch/qos/logback/logback-classic/1.5.16/logback-classic-1.5.16.jar:/Users/macbookpro/.m2/repository/ch/qos/logback/logback-core/1.5.16/logback-core-1.5.16.jar:/Users/macbookpro/.m2/repository/org/apache/logging/log4j/log4j-to-slf4j/2.24.3/log4j-to-slf4j-2.24.3.jar:/Users/macbookpro/.m2/repository/org/apache/logging/log4j/log4j-api/2.24.3/log4j-api-2.24.3.jar:/Users/macbookpro/.m2/repository/org/slf4j/jul-to-slf4j/2.0.16/jul-to-slf4j-2.0.16.jar:/Users/macbookpro/.m2/repository/jakarta/annotation/jakarta.annotation-api/2.1.1/jakarta.annotation-api-2.1.1.jar:/Users/macbookpro/.m2/repository/org/yaml/snakeyaml/2.3/snakeyaml-2.3.jar:/Users/macbookpro/.m2/repository/org/springframework/boot/spring-boot-starter-json/3.4.3/spring-boot-starter-json-3.4.3.jar:/Users/macbookpro/.m2/repository/com/fasterxml/jackson/core/jackson-databind/2.18.2/jackson-databind-2.18.2.jar:/Users/macbookpro/.m2/repository/com/fasterxml/jackson/core/jackson-annotations/2.18.2/jackson-annotations-2.18.2.jar:/Users/macbookpro/.m2/repository/com/fasterxml/jackson/core/jackson-core/2.18.2/jackson-core-2.18.2.jar:/Users/macbookpro/.m2/repository/com/fasterxml/jackson/datatype/jackson-datatype-jdk8/2.18.2/jackson-datatype-jdk8-2.18.2.jar:/Users/macbookpro/.m2/repository/com/fasterxml/jackson/datatype/jackson-datatype-jsr310/2.18.2/jackson-datatype-jsr310-2.18.2.jar:/Users/macbookpro/.m2/repository/com/fasterxml/jackson/module/jackson-module-parameter-names/2.18.2/jackson-module-parameter-names-2.18.2.jar:/Users/macbookpro/.m2/repository/org/springframework/boot/spring-boot-starter-tomcat/3.4.3/spring-boot-starter-tomcat-3.4.3.jar:/Users/macbookpro/.m2/repository/org/apache/tomcat/embed/tomcat-embed-core/10.1.36/tomcat-embed-core-10.1.36.jar:/Users/macbookpro/.m2/repository/org/apache/tomcat/embed/tomcat-embed-el/10.1.36/tomcat-embed-el-10.1.36.jar:/Users/macbookpro/.m2/repository/org/apache/tomcat/embed/tomcat-embed-websocket/10.1.36/tomcat-embed-websocket-10.1.36.jar:/Users/macbookpro/.m2/repository/org/springframework/spring-web/6.2.3/spring-web-6.2.3.jar:/Users/macbookpro/.m2/repository/org/springframework/spring-beans/6.2.3/spring-beans-6.2.3.jar:/Users/macbookpro/.m2/repository/io/micrometer/micrometer-observation/1.14.4/micrometer-observation-1.14.4.jar:/Users/macbookpro/.m2/repository/io/micrometer/micrometer-commons/1.14.4/micrometer-commons-1.14.4.jar:/Users/macbookpro/.m2/repository/org/springframework/spring-webmvc/6.2.3/spring-webmvc-6.2.3.jar:/Users/macbookpro/.m2/repository/org/springframework/spring-context/6.2.3/spring-context-6.2.3.jar:/Users/macbookpro/.m2/repository/org/springframework/spring-expression/6.2.3/spring-expression-6.2.3.jar:/Users/macbookpro/.m2/repository/org/springframework/boot/spring-boot-starter-test/3.4.3/spring-boot-starter-test-3.4.3.jar:/Users/macbookpro/.m2/repository/org/springframework/boot/spring-boot-test/3.4.3/spring-boot-test-3.4.3.jar:/Users/macbookpro/.m2/repository/org/springframework/boot/spring-boot-test-autoconfigure/3.4.3/spring-boot-test-autoconfigure-3.4.3.jar:/Users/macbookpro/.m2/repository/com/jayway/jsonpath/json-path/2.9.0/json-path-2.9.0.jar:/Users/macbookpro/.m2/repository/jakarta/xml/bind/jakarta.xml.bind-api/4.0.2/jakarta.xml.bind-api-4.0.2.jar:/Users/macbookpro/.m2/repository/jakarta/activation/jakarta.activation-api/2.1.3/jakarta.activation-api-2.1.3.jar:/Users/macbookpro/.m2/repository/net/minidev/json-smart/2.5.2/json-smart-2.5.2.jar:/Users/macbookpro/.m2/repository/net/minidev/accessors-smart/2.5.2/accessors-smart-2.5.2.jar:/Users/macbookpro/.m2/repository/org/ow2/asm/asm/9.7.1/asm-9.7.1.jar:/Users/macbookpro/.m2/repository/org/assertj/assertj-core/3.26.3/assertj-core-3.26.3.jar:/Users/macbookpro/.m2/repository/net/bytebuddy/byte-buddy/1.15.11/byte-buddy-1.15.11.jar:/Users/macbookpro/.m2/repository/org/awaitility/awaitility/4.2.2/awaitility-4.2.2.jar:/Users/macbookpro/.m2/repository/org/hamcrest/hamcrest/2.2/hamcrest-2.2.jar:/Users/macbookpro/.m2/repository/org/junit/jupiter/junit-jupiter/5.11.4/junit-jupiter-5.11.4.jar:/Users/macbookpro/.m2/repository/org/junit/jupiter/junit-jupiter-api/5.11.4/junit-jupiter-api-5.11.4.jar:/Users/macbookpro/.m2/repository/org/opentest4j/opentest4j/1.3.0/opentest4j-1.3.0.jar:/Users/macbookpro/.m2/repository/org/junit/platform/junit-platform-commons/1.11.4/junit-platform-commons-1.11.4.jar:/Users/macbookpro/.m2/repository/org/apiguardian/apiguardian-api/1.1.2/apiguardian-api-1.1.2.jar:/Users/macbookpro/.m2/repository/org/junit/jupiter/junit-jupiter-params/5.11.4/junit-jupiter-params-5.11.4.jar:/Users/macbookpro/.m2/repository/org/junit/jupiter/junit-jupiter-engine/5.11.4/junit-jupiter-engine-5.11.4.jar:/Users/macbookpro/.m2/repository/org/junit/platform/junit-platform-engine/1.11.4/junit-platform-engine-1.11.4.jar:/Users/macbookpro/.m2/repository/org/mockito/mockito-core/5.14.2/mockito-core-5.14.2.jar:/Users/macbookpro/.m2/repository/net/bytebuddy/byte-buddy-agent/1.15.11/byte-buddy-agent-1.15.11.jar:/Users/macbookpro/.m2/repository/org/objenesis/objenesis/3.3/objenesis-3.3.jar:/Users/macbookpro/.m2/repository/org/mockito/mockito-junit-jupiter/5.14.2/mockito-junit-jupiter-5.14.2.jar:/Users/macbookpro/.m2/repository/org/skyscreamer/jsonassert/1.5.3/jsonassert-1.5.3.jar:/Users/macbookpro/.m2/repository/com/vaadin/external/google/android-json/0.0.20131108.vaadin1/android-json-0.0.20131108.vaadin1.jar:/Users/macbookpro/.m2/repository/org/springframework/spring-core/6.2.3/spring-core-6.2.3.jar:/Users/macbookpro/.m2/repository/org/springframework/spring-jcl/6.2.3/spring-jcl-6.2.3.jar:/Users/macbookpro/.m2/repository/org/springframework/spring-test/6.2.3/spring-test-6.2.3.jar:/Users/macbookpro/.m2/repository/org/xmlunit/xmlunit-core/2.10.0/xmlunit-core-2.10.0.jar:/Users/macbookpro/.m2/repository/org/springframework/boot/spring-boot-devtools/3.4.3/spring-boot-devtools-3.4.3.jar:/Users/macbookpro/.m2/repository/org/springframework/boot/spring-boot/3.4.3/spring-boot-3.4.3.jar:/Users/macbookpro/.m2/repository/org/springframework/boot/spring-boot-autoconfigure/3.4.3/spring-boot-autoconfigure-3.4.3.jar:/Users/macbookpro/.m2/repository/org/springframework/boot/spring-boot-starter-data-jpa/3.4.3/spring-boot-starter-data-jpa-3.4.3.jar:/Users/macbookpro/.m2/repository/org/springframework/boot/spring-boot-starter-jdbc/3.4.3/spring-boot-starter-jdbc-3.4.3.jar:/Users/macbookpro/.m2/repository/com/zaxxer/HikariCP/5.1.0/HikariCP-5.1.0.jar:/Users/macbookpro/.m2/repository/org/springframework/spring-jdbc/6.2.3/spring-jdbc-6.2.3.jar:/Users/macbookpro/.m2/repository/org/hibernate/orm/hibernate-core/6.6.8.Final/hibernate-core-6.6.8.Final.jar:/Users/macbookpro/.m2/repository/jakarta/persistence/jakarta.persistence-api/3.1.0/jakarta.persistence-api-3.1.0.jar:/Users/macbookpro/.m2/repository/jakarta/transaction/jakarta.transaction-api/2.0.1/jakarta.transaction-api-2.0.1.jar:/Users/macbookpro/.m2/repository/org/jboss/logging/jboss-logging/3.6.1.Final/jboss-logging-3.6.1.Final.jar:/Users/macbookpro/.m2/repository/org/hibernate/common/hibernate-commons-annotations/7.0.3.Final/hibernate-commons-annotations-7.0.3.Final.jar:/Users/macbookpro/.m2/repository/io/smallrye/jandex/3.2.0/jandex-3.2.0.jar:/Users/macbookpro/.m2/repository/com/fasterxml/classmate/1.7.0/classmate-1.7.0.jar:/Users/macbookpro/.m2/repository/org/glassfish/jaxb/jaxb-runtime/4.0.5/jaxb-runtime-4.0.5.jar:/Users/macbookpro/.m2/repository/org/glassfish/jaxb/jaxb-core/4.0.5/jaxb-core-4.0.5.jar:/Users/macbookpro/.m2/repository/org/eclipse/angus/angus-activation/2.0.2/angus-activation-2.0.2.jar:/Users/macbookpro/.m2/repository/org/glassfish/jaxb/txw2/4.0.5/txw2-4.0.5.jar:/Users/macbookpro/.m2/repository/com/sun/istack/istack-commons-runtime/4.1.2/istack-commons-runtime-4.1.2.jar:/Users/macbookpro/.m2/repository/jakarta/inject/jakarta.inject-api/2.0.1/jakarta.inject-api-2.0.1.jar:/Users/macbookpro/.m2/repository/org/antlr/antlr4-runtime/4.13.0/antlr4-runtime-4.13.0.jar:/Users/macbookpro/.m2/repository/org/springframework/data/spring-data-jpa/3.4.3/spring-data-jpa-3.4.3.jar:/Users/macbookpro/.m2/repository/org/springframework/data/spring-data-commons/3.4.3/spring-data-commons-3.4.3.jar:/Users/macbookpro/.m2/repository/org/springframework/spring-orm/6.2.3/spring-orm-6.2.3.jar:/Users/macbookpro/.m2/repository/org/springframework/spring-tx/6.2.3/spring-tx-6.2.3.jar:/Users/macbookpro/.m2/repository/org/springframework/spring-aspects/6.2.3/spring-aspects-6.2.3.jar:/Users/macbookpro/.m2/repository/org/aspectj/aspectjweaver/1.9.22.1/aspectjweaver-1.9.22.1.jar:/Users/macbookpro/.m2/repository/org/postgresql/postgresql/42.7.5/postgresql-42.7.5.jar:/Users/macbookpro/.m2/repository/org/checkerframework/checker-qual/3.48.3/checker-qual-3.48.3.jar:/Users/macbookpro/.m2/repository/org/mapstruct/mapstruct/1.6.0.Beta1/mapstruct-1.6.0.Beta1.jar:/Users/macbookpro/.m2/repository/org/mapstruct/mapstruct-processor/1.6.0.Beta1/mapstruct-processor-1.6.0.Beta1.jar:/Users/macbookpro/.m2/repository/org/projectlombok/lombok/1.18.36/lombok-1.18.36.jar:/Users/macbookpro/.m2/repository/software/amazon/awssdk/textract/2.31.6/textract-2.31.6.jar:/Users/macbookpro/.m2/repository/software/amazon/awssdk/protocol-core/2.31.6/protocol-core-2.31.6.jar:/Users/macbookpro/.m2/repository/software/amazon/awssdk/aws-json-protocol/2.31.6/aws-json-protocol-2.31.6.jar:/Users/macbookpro/.m2/repository/software/amazon/awssdk/third-party-jackson-core/2.31.6/third-party-jackson-core-2.31.6.jar:/Users/macbookpro/.m2/repository/software/amazon/awssdk/http-auth-aws/2.31.6/http-auth-aws-2.31.6.jar:/Users/macbookpro/.m2/repository/software/amazon/awssdk/checksums-spi/2.31.6/checksums-spi-2.31.6.jar:/Users/macbookpro/.m2/repository/software/amazon/awssdk/checksums/2.31.6/checksums-2.31.6.jar:/Users/macbookpro/.m2/repository/software/amazon/awssdk/sdk-core/2.31.6/sdk-core-2.31.6.jar:/Users/macbookpro/.m2/repository/software/amazon/awssdk/profiles/2.31.6/profiles-2.31.6.jar:/Users/macbookpro/.m2/repository/software/amazon/awssdk/retries/2.31.6/retries-2.31.6.jar:/Users/macbookpro/.m2/repository/org/reactivestreams/reactive-streams/1.0.4/reactive-streams-1.0.4.jar:/Users/macbookpro/.m2/repository/software/amazon/awssdk/auth/2.31.6/auth-2.31.6.jar:/Users/macbookpro/.m2/repository/software/amazon/awssdk/http-auth-aws-eventstream/2.31.6/http-auth-aws-eventstream-2.31.6.jar:/Users/macbookpro/.m2/repository/software/amazon/eventstream/eventstream/1.0.1/eventstream-1.0.1.jar:/Users/macbookpro/.m2/repository/software/amazon/awssdk/http-auth-spi/2.31.6/http-auth-spi-2.31.6.jar:/Users/macbookpro/.m2/repository/software/amazon/awssdk/http-auth/2.31.6/http-auth-2.31.6.jar:/Users/macbookpro/.m2/repository/software/amazon/awssdk/identity-spi/2.31.6/identity-spi-2.31.6.jar:/Users/macbookpro/.m2/repository/software/amazon/awssdk/http-client-spi/2.31.6/http-client-spi-2.31.6.jar:/Users/macbookpro/.m2/repository/software/amazon/awssdk/regions/2.31.6/regions-2.31.6.jar:/Users/macbookpro/.m2/repository/software/amazon/awssdk/annotations/2.31.6/annotations-2.31.6.jar:/Users/macbookpro/.m2/repository/software/amazon/awssdk/utils/2.31.6/utils-2.31.6.jar:/Users/macbookpro/.m2/repository/software/amazon/awssdk/aws-core/2.31.6/aws-core-2.31.6.jar:/Users/macbookpro/.m2/repository/software/amazon/awssdk/metrics-spi/2.31.6/metrics-spi-2.31.6.jar:/Users/macbookpro/.m2/repository/software/amazon/awssdk/json-utils/2.31.6/json-utils-2.31.6.jar:/Users/macbookpro/.m2/repository/software/amazon/awssdk/endpoints-spi/2.31.6/endpoints-spi-2.31.6.jar:/Users/macbookpro/.m2/repository/software/amazon/awssdk/retries-spi/2.31.6/retries-spi-2.31.6.jar:/Users/macbookpro/.m2/repository/software/amazon/awssdk/apache-client/2.31.6/apache-client-2.31.6.jar:/Users/macbookpro/.m2/repository/org/apache/httpcomponents/httpclient/4.5.13/httpclient-4.5.13.jar:/Users/macbookpro/.m2/repository/commons-logging/commons-logging/1.2/commons-logging-1.2.jar:/Users/macbookpro/.m2/repository/org/apache/httpcomponents/httpcore/4.4.16/httpcore-4.4.16.jar:/Users/macbookpro/.m2/repository/commons-codec/commons-codec/1.17.2/commons-codec-1.17.2.jar:/Users/macbookpro/.m2/repository/software/amazon/awssdk/netty-nio-client/2.31.6/netty-nio-client-2.31.6.jar:/Users/macbookpro/.m2/repository/io/netty/netty-codec-http/4.1.118.Final/netty-codec-http-4.1.118.Final.jar:/Users/macbookpro/.m2/repository/io/netty/netty-codec-http2/4.1.118.Final/netty-codec-http2-4.1.118.Final.jar:/Users/macbookpro/.m2/repository/io/netty/netty-codec/4.1.118.Final/netty-codec-4.1.118.Final.jar:/Users/macbookpro/.m2/repository/io/netty/netty-transport/4.1.118.Final/netty-transport-4.1.118.Final.jar:/Users/macbookpro/.m2/repository/io/netty/netty-common/4.1.118.Final/netty-common-4.1.118.Final.jar:/Users/macbookpro/.m2/repository/io/netty/netty-buffer/4.1.118.Final/netty-buffer-4.1.118.Final.jar:/Users/macbookpro/.m2/repository/io/netty/netty-handler/4.1.118.Final/netty-handler-4.1.118.Final.jar:/Users/macbookpro/.m2/repository/io/netty/netty-transport-native-unix-common/4.1.118.Final/netty-transport-native-unix-common-4.1.118.Final.jar:/Users/macbookpro/.m2/repository/io/netty/netty-transport-classes-epoll/4.1.118.Final/netty-transport-classes-epoll-4.1.118.Final.jar:/Users/macbookpro/.m2/repository/io/netty/netty-resolver/4.1.118.Final/netty-resolver-4.1.118.Final.jar:/Users/macbookpro/.m2/repository/org/springframework/boot/spring-boot-starter-oauth2-resource-server/3.4.3/spring-boot-starter-oauth2-resource-server-3.4.3.jar:/Users/macbookpro/.m2/repository/org/springframework/security/spring-security-config/6.4.3/spring-security-config-6.4.3.jar:/Users/macbookpro/.m2/repository/org/springframework/security/spring-security-core/6.4.3/spring-security-core-6.4.3.jar:/Users/macbookpro/.m2/repository/org/springframework/security/spring-security-crypto/6.4.3/spring-security-crypto-6.4.3.jar:/Users/macbookpro/.m2/repository/org/springframework/security/spring-security-oauth2-resource-server/6.4.3/spring-security-oauth2-resource-server-6.4.3.jar:/Users/macbookpro/.m2/repository/org/springframework/security/spring-security-oauth2-core/6.4.3/spring-security-oauth2-core-6.4.3.jar:/Users/macbookpro/.m2/repository/org/springframework/security/spring-security-oauth2-jose/6.4.3/spring-security-oauth2-jose-6.4.3.jar:/Users/macbookpro/.m2/repository/com/nimbusds/nimbus-jose-jwt/9.37.3/nimbus-jose-jwt-9.37.3.jar:/Users/macbookpro/.m2/repository/com/github/stephenc/jcip/jcip-annotations/1.0-1/jcip-annotations-1.0-1.jar:/Users/macbookpro/.m2/repository/org/springframework/boot/spring-boot-starter-security/3.4.3/spring-boot-starter-security-3.4.3.jar:/Users/macbookpro/.m2/repository/org/springframework/spring-aop/6.2.3/spring-aop-6.2.3.jar:/Users/macbookpro/.m2/repository/org/springframework/security/spring-security-web/6.4.3/spring-security-web-6.4.3.jar:/Users/macbookpro/.m2/repository/com/amazonaws/serverless/aws-serverless-java-container-springboot3/2.0.1/aws-serverless-java-container-springboot3-2.0.1.jar:/Users/macbookpro/.m2/repository/org/springframework/cloud/spring-cloud-function-serverless-web/4.1.1/spring-cloud-function-serverless-web-4.1.1.jar:/Users/macbookpro/.m2/repository/com/amazonaws/serverless/aws-serverless-java-container-core/2.0.1/aws-serverless-java-container-core-2.0.1.jar:/Users/macbookpro/.m2/repository/com/amazonaws/aws-lambda-java-core/1.2.3/aws-lambda-java-core-1.2.3.jar:/Users/macbookpro/.m2/repository/jakarta/servlet/jakarta.servlet-api/6.0.0/jakarta.servlet-api-6.0.0.jar:/Users/macbookpro/.m2/repository/jakarta/ws/rs/jakarta.ws.rs-api/3.1.0/jakarta.ws.rs-api-3.1.0.jar:/Users/macbookpro/.m2/repository/com/fasterxml/jackson/module/jackson-module-afterburner/2.18.2/jackson-module-afterburner-2.18.2.jar:/Users/macbookpro/.m2/repository/org/apache/commons/commons-fileupload2-jakarta-servlet6/2.0.0-M2/commons-fileupload2-jakarta-servlet6-2.0.0-M2.jar:/Users/macbookpro/.m2/repository/org/apache/commons/commons-fileupload2-core/2.0.0-M2/commons-fileupload2-core-2.0.0-M2.jar:/Users/macbookpro/.m2/repository/commons-io/commons-io/2.15.1/commons-io-2.15.1.jar:/Users/macbookpro/.m2/repository/org/slf4j/slf4j-api/2.0.16/slf4j-api-2.0.16.jar:"/>
    <property name="java.vm.vendor" value="Homebrew"/>
    <property name="sun.arch.data.model" value="64"/>
    <property name="java.vendor.url" value="https://github.com/Homebrew/homebrew-core/issues"/>
    <property name="user.timezone" value="Europe/Bucharest"/>
    <property name="org.jboss.logging.provider" value="slf4j"/>
    <property name="os.name" value="Mac OS X"/>
    <property name="java.vm.specification.version" value="23"/>
    <property name="APPLICATION_NAME" value="safe-bite"/>
    <property name="sun.java.launcher" value="SUN_STANDARD"/>
    <property name="user.country" value="RO"/>
    <property name="sun.boot.library.path" value="/opt/homebrew/Cellar/openjdk/23.0.2/libexec/openjdk.jdk/Contents/Home/lib"/>
    <property name="sun.java.command" value="/Users/macbookpro/SafeBite/safe-bite-api/target/surefire/surefirebooter-20250422192334340_3.jar /Users/macbookpro/SafeBite/safe-bite-api/target/surefire 2025-04-22T19-23-34_309-jvmRun1 surefire-20250422192334340_1tmp surefire_0-20250422192334340_2tmp"/>
    <property name="http.nonProxyHosts" value="local|*.local|169.254/16|*.169.254/16"/>
    <property name="jdk.debug" value="release"/>
    <property name="surefire.test.class.path" value="/Users/macbookpro/SafeBite/safe-bite-api/target/test-classes:/Users/macbookpro/SafeBite/safe-bite-api/target/classes:/Users/macbookpro/.m2/repository/org/springframework/boot/spring-boot-starter-web/3.4.3/spring-boot-starter-web-3.4.3.jar:/Users/macbookpro/.m2/repository/org/springframework/boot/spring-boot-starter/3.4.3/spring-boot-starter-3.4.3.jar:/Users/macbookpro/.m2/repository/org/springframework/boot/spring-boot-starter-logging/3.4.3/spring-boot-starter-logging-3.4.3.jar:/Users/macbookpro/.m2/repository/ch/qos/logback/logback-classic/1.5.16/logback-classic-1.5.16.jar:/Users/macbookpro/.m2/repository/ch/qos/logback/logback-core/1.5.16/logback-core-1.5.16.jar:/Users/macbookpro/.m2/repository/org/apache/logging/log4j/log4j-to-slf4j/2.24.3/log4j-to-slf4j-2.24.3.jar:/Users/macbookpro/.m2/repository/org/apache/logging/log4j/log4j-api/2.24.3/log4j-api-2.24.3.jar:/Users/macbookpro/.m2/repository/org/slf4j/jul-to-slf4j/2.0.16/jul-to-slf4j-2.0.16.jar:/Users/macbookpro/.m2/repository/jakarta/annotation/jakarta.annotation-api/2.1.1/jakarta.annotation-api-2.1.1.jar:/Users/macbookpro/.m2/repository/org/yaml/snakeyaml/2.3/snakeyaml-2.3.jar:/Users/macbookpro/.m2/repository/org/springframework/boot/spring-boot-starter-json/3.4.3/spring-boot-starter-json-3.4.3.jar:/Users/macbookpro/.m2/repository/com/fasterxml/jackson/core/jackson-databind/2.18.2/jackson-databind-2.18.2.jar:/Users/macbookpro/.m2/repository/com/fasterxml/jackson/core/jackson-annotations/2.18.2/jackson-annotations-2.18.2.jar:/Users/macbookpro/.m2/repository/com/fasterxml/jackson/core/jackson-core/2.18.2/jackson-core-2.18.2.jar:/Users/macbookpro/.m2/repository/com/fasterxml/jackson/datatype/jackson-datatype-jdk8/2.18.2/jackson-datatype-jdk8-2.18.2.jar:/Users/macbookpro/.m2/repository/com/fasterxml/jackson/datatype/jackson-datatype-jsr310/2.18.2/jackson-datatype-jsr310-2.18.2.jar:/Users/macbookpro/.m2/repository/com/fasterxml/jackson/module/jackson-module-parameter-names/2.18.2/jackson-module-parameter-names-2.18.2.jar:/Users/macbookpro/.m2/repository/org/springframework/boot/spring-boot-starter-tomcat/3.4.3/spring-boot-starter-tomcat-3.4.3.jar:/Users/macbookpro/.m2/repository/org/apache/tomcat/embed/tomcat-embed-core/10.1.36/tomcat-embed-core-10.1.36.jar:/Users/macbookpro/.m2/repository/org/apache/tomcat/embed/tomcat-embed-el/10.1.36/tomcat-embed-el-10.1.36.jar:/Users/macbookpro/.m2/repository/org/apache/tomcat/embed/tomcat-embed-websocket/10.1.36/tomcat-embed-websocket-10.1.36.jar:/Users/macbookpro/.m2/repository/org/springframework/spring-web/6.2.3/spring-web-6.2.3.jar:/Users/macbookpro/.m2/repository/org/springframework/spring-beans/6.2.3/spring-beans-6.2.3.jar:/Users/macbookpro/.m2/repository/io/micrometer/micrometer-observation/1.14.4/micrometer-observation-1.14.4.jar:/Users/macbookpro/.m2/repository/io/micrometer/micrometer-commons/1.14.4/micrometer-commons-1.14.4.jar:/Users/macbookpro/.m2/repository/org/springframework/spring-webmvc/6.2.3/spring-webmvc-6.2.3.jar:/Users/macbookpro/.m2/repository/org/springframework/spring-context/6.2.3/spring-context-6.2.3.jar:/Users/macbookpro/.m2/repository/org/springframework/spring-expression/6.2.3/spring-expression-6.2.3.jar:/Users/macbookpro/.m2/repository/org/springframework/boot/spring-boot-starter-test/3.4.3/spring-boot-starter-test-3.4.3.jar:/Users/macbookpro/.m2/repository/org/springframework/boot/spring-boot-test/3.4.3/spring-boot-test-3.4.3.jar:/Users/macbookpro/.m2/repository/org/springframework/boot/spring-boot-test-autoconfigure/3.4.3/spring-boot-test-autoconfigure-3.4.3.jar:/Users/macbookpro/.m2/repository/com/jayway/jsonpath/json-path/2.9.0/json-path-2.9.0.jar:/Users/macbookpro/.m2/repository/jakarta/xml/bind/jakarta.xml.bind-api/4.0.2/jakarta.xml.bind-api-4.0.2.jar:/Users/macbookpro/.m2/repository/jakarta/activation/jakarta.activation-api/2.1.3/jakarta.activation-api-2.1.3.jar:/Users/macbookpro/.m2/repository/net/minidev/json-smart/2.5.2/json-smart-2.5.2.jar:/Users/macbookpro/.m2/repository/net/minidev/accessors-smart/2.5.2/accessors-smart-2.5.2.jar:/Users/macbookpro/.m2/repository/org/ow2/asm/asm/9.7.1/asm-9.7.1.jar:/Users/macbookpro/.m2/repository/org/assertj/assertj-core/3.26.3/assertj-core-3.26.3.jar:/Users/macbookpro/.m2/repository/net/bytebuddy/byte-buddy/1.15.11/byte-buddy-1.15.11.jar:/Users/macbookpro/.m2/repository/org/awaitility/awaitility/4.2.2/awaitility-4.2.2.jar:/Users/macbookpro/.m2/repository/org/hamcrest/hamcrest/2.2/hamcrest-2.2.jar:/Users/macbookpro/.m2/repository/org/junit/jupiter/junit-jupiter/5.11.4/junit-jupiter-5.11.4.jar:/Users/macbookpro/.m2/repository/org/junit/jupiter/junit-jupiter-api/5.11.4/junit-jupiter-api-5.11.4.jar:/Users/macbookpro/.m2/repository/org/opentest4j/opentest4j/1.3.0/opentest4j-1.3.0.jar:/Users/macbookpro/.m2/repository/org/junit/platform/junit-platform-commons/1.11.4/junit-platform-commons-1.11.4.jar:/Users/macbookpro/.m2/repository/org/apiguardian/apiguardian-api/1.1.2/apiguardian-api-1.1.2.jar:/Users/macbookpro/.m2/repository/org/junit/jupiter/junit-jupiter-params/5.11.4/junit-jupiter-params-5.11.4.jar:/Users/macbookpro/.m2/repository/org/junit/jupiter/junit-jupiter-engine/5.11.4/junit-jupiter-engine-5.11.4.jar:/Users/macbookpro/.m2/repository/org/junit/platform/junit-platform-engine/1.11.4/junit-platform-engine-1.11.4.jar:/Users/macbookpro/.m2/repository/org/mockito/mockito-core/5.14.2/mockito-core-5.14.2.jar:/Users/macbookpro/.m2/repository/net/bytebuddy/byte-buddy-agent/1.15.11/byte-buddy-agent-1.15.11.jar:/Users/macbookpro/.m2/repository/org/objenesis/objenesis/3.3/objenesis-3.3.jar:/Users/macbookpro/.m2/repository/org/mockito/mockito-junit-jupiter/5.14.2/mockito-junit-jupiter-5.14.2.jar:/Users/macbookpro/.m2/repository/org/skyscreamer/jsonassert/1.5.3/jsonassert-1.5.3.jar:/Users/macbookpro/.m2/repository/com/vaadin/external/google/android-json/0.0.20131108.vaadin1/android-json-0.0.20131108.vaadin1.jar:/Users/macbookpro/.m2/repository/org/springframework/spring-core/6.2.3/spring-core-6.2.3.jar:/Users/macbookpro/.m2/repository/org/springframework/spring-jcl/6.2.3/spring-jcl-6.2.3.jar:/Users/macbookpro/.m2/repository/org/springframework/spring-test/6.2.3/spring-test-6.2.3.jar:/Users/macbookpro/.m2/repository/org/xmlunit/xmlunit-core/2.10.0/xmlunit-core-2.10.0.jar:/Users/macbookpro/.m2/repository/org/springframework/boot/spring-boot-devtools/3.4.3/spring-boot-devtools-3.4.3.jar:/Users/macbookpro/.m2/repository/org/springframework/boot/spring-boot/3.4.3/spring-boot-3.4.3.jar:/Users/macbookpro/.m2/repository/org/springframework/boot/spring-boot-autoconfigure/3.4.3/spring-boot-autoconfigure-3.4.3.jar:/Users/macbookpro/.m2/repository/org/springframework/boot/spring-boot-starter-data-jpa/3.4.3/spring-boot-starter-data-jpa-3.4.3.jar:/Users/macbookpro/.m2/repository/org/springframework/boot/spring-boot-starter-jdbc/3.4.3/spring-boot-starter-jdbc-3.4.3.jar:/Users/macbookpro/.m2/repository/com/zaxxer/HikariCP/5.1.0/HikariCP-5.1.0.jar:/Users/macbookpro/.m2/repository/org/springframework/spring-jdbc/6.2.3/spring-jdbc-6.2.3.jar:/Users/macbookpro/.m2/repository/org/hibernate/orm/hibernate-core/6.6.8.Final/hibernate-core-6.6.8.Final.jar:/Users/macbookpro/.m2/repository/jakarta/persistence/jakarta.persistence-api/3.1.0/jakarta.persistence-api-3.1.0.jar:/Users/macbookpro/.m2/repository/jakarta/transaction/jakarta.transaction-api/2.0.1/jakarta.transaction-api-2.0.1.jar:/Users/macbookpro/.m2/repository/org/jboss/logging/jboss-logging/3.6.1.Final/jboss-logging-3.6.1.Final.jar:/Users/macbookpro/.m2/repository/org/hibernate/common/hibernate-commons-annotations/7.0.3.Final/hibernate-commons-annotations-7.0.3.Final.jar:/Users/macbookpro/.m2/repository/io/smallrye/jandex/3.2.0/jandex-3.2.0.jar:/Users/macbookpro/.m2/repository/com/fasterxml/classmate/1.7.0/classmate-1.7.0.jar:/Users/macbookpro/.m2/repository/org/glassfish/jaxb/jaxb-runtime/4.0.5/jaxb-runtime-4.0.5.jar:/Users/macbookpro/.m2/repository/org/glassfish/jaxb/jaxb-core/4.0.5/jaxb-core-4.0.5.jar:/Users/macbookpro/.m2/repository/org/eclipse/angus/angus-activation/2.0.2/angus-activation-2.0.2.jar:/Users/macbookpro/.m2/repository/org/glassfish/jaxb/txw2/4.0.5/txw2-4.0.5.jar:/Users/macbookpro/.m2/repository/com/sun/istack/istack-commons-runtime/4.1.2/istack-commons-runtime-4.1.2.jar:/Users/macbookpro/.m2/repository/jakarta/inject/jakarta.inject-api/2.0.1/jakarta.inject-api-2.0.1.jar:/Users/macbookpro/.m2/repository/org/antlr/antlr4-runtime/4.13.0/antlr4-runtime-4.13.0.jar:/Users/macbookpro/.m2/repository/org/springframework/data/spring-data-jpa/3.4.3/spring-data-jpa-3.4.3.jar:/Users/macbookpro/.m2/repository/org/springframework/data/spring-data-commons/3.4.3/spring-data-commons-3.4.3.jar:/Users/macbookpro/.m2/repository/org/springframework/spring-orm/6.2.3/spring-orm-6.2.3.jar:/Users/macbookpro/.m2/repository/org/springframework/spring-tx/6.2.3/spring-tx-6.2.3.jar:/Users/macbookpro/.m2/repository/org/springframework/spring-aspects/6.2.3/spring-aspects-6.2.3.jar:/Users/macbookpro/.m2/repository/org/aspectj/aspectjweaver/1.9.22.1/aspectjweaver-1.9.22.1.jar:/Users/macbookpro/.m2/repository/org/postgresql/postgresql/42.7.5/postgresql-42.7.5.jar:/Users/macbookpro/.m2/repository/org/checkerframework/checker-qual/3.48.3/checker-qual-3.48.3.jar:/Users/macbookpro/.m2/repository/org/mapstruct/mapstruct/1.6.0.Beta1/mapstruct-1.6.0.Beta1.jar:/Users/macbookpro/.m2/repository/org/mapstruct/mapstruct-processor/1.6.0.Beta1/mapstruct-processor-1.6.0.Beta1.jar:/Users/macbookpro/.m2/repository/org/projectlombok/lombok/1.18.36/lombok-1.18.36.jar:/Users/macbookpro/.m2/repository/software/amazon/awssdk/textract/2.31.6/textract-2.31.6.jar:/Users/macbookpro/.m2/repository/software/amazon/awssdk/protocol-core/2.31.6/protocol-core-2.31.6.jar:/Users/macbookpro/.m2/repository/software/amazon/awssdk/aws-json-protocol/2.31.6/aws-json-protocol-2.31.6.jar:/Users/macbookpro/.m2/repository/software/amazon/awssdk/third-party-jackson-core/2.31.6/third-party-jackson-core-2.31.6.jar:/Users/macbookpro/.m2/repository/software/amazon/awssdk/http-auth-aws/2.31.6/http-auth-aws-2.31.6.jar:/Users/macbookpro/.m2/repository/software/amazon/awssdk/checksums-spi/2.31.6/checksums-spi-2.31.6.jar:/Users/macbookpro/.m2/repository/software/amazon/awssdk/checksums/2.31.6/checksums-2.31.6.jar:/Users/macbookpro/.m2/repository/software/amazon/awssdk/sdk-core/2.31.6/sdk-core-2.31.6.jar:/Users/macbookpro/.m2/repository/software/amazon/awssdk/profiles/2.31.6/profiles-2.31.6.jar:/Users/macbookpro/.m2/repository/software/amazon/awssdk/retries/2.31.6/retries-2.31.6.jar:/Users/macbookpro/.m2/repository/org/reactivestreams/reactive-streams/1.0.4/reactive-streams-1.0.4.jar:/Users/macbookpro/.m2/repository/software/amazon/awssdk/auth/2.31.6/auth-2.31.6.jar:/Users/macbookpro/.m2/repository/software/amazon/awssdk/http-auth-aws-eventstream/2.31.6/http-auth-aws-eventstream-2.31.6.jar:/Users/macbookpro/.m2/repository/software/amazon/eventstream/eventstream/1.0.1/eventstream-1.0.1.jar:/Users/macbookpro/.m2/repository/software/amazon/awssdk/http-auth-spi/2.31.6/http-auth-spi-2.31.6.jar:/Users/macbookpro/.m2/repository/software/amazon/awssdk/http-auth/2.31.6/http-auth-2.31.6.jar:/Users/macbookpro/.m2/repository/software/amazon/awssdk/identity-spi/2.31.6/identity-spi-2.31.6.jar:/Users/macbookpro/.m2/repository/software/amazon/awssdk/http-client-spi/2.31.6/http-client-spi-2.31.6.jar:/Users/macbookpro/.m2/repository/software/amazon/awssdk/regions/2.31.6/regions-2.31.6.jar:/Users/macbookpro/.m2/repository/software/amazon/awssdk/annotations/2.31.6/annotations-2.31.6.jar:/Users/macbookpro/.m2/repository/software/amazon/awssdk/utils/2.31.6/utils-2.31.6.jar:/Users/macbookpro/.m2/repository/software/amazon/awssdk/aws-core/2.31.6/aws-core-2.31.6.jar:/Users/macbookpro/.m2/repository/software/amazon/awssdk/metrics-spi/2.31.6/metrics-spi-2.31.6.jar:/Users/macbookpro/.m2/repository/software/amazon/awssdk/json-utils/2.31.6/json-utils-2.31.6.jar:/Users/macbookpro/.m2/repository/software/amazon/awssdk/endpoints-spi/2.31.6/endpoints-spi-2.31.6.jar:/Users/macbookpro/.m2/repository/software/amazon/awssdk/retries-spi/2.31.6/retries-spi-2.31.6.jar:/Users/macbookpro/.m2/repository/software/amazon/awssdk/apache-client/2.31.6/apache-client-2.31.6.jar:/Users/macbookpro/.m2/repository/org/apache/httpcomponents/httpclient/4.5.13/httpclient-4.5.13.jar:/Users/macbookpro/.m2/repository/commons-logging/commons-logging/1.2/commons-logging-1.2.jar:/Users/macbookpro/.m2/repository/org/apache/httpcomponents/httpcore/4.4.16/httpcore-4.4.16.jar:/Users/macbookpro/.m2/repository/commons-codec/commons-codec/1.17.2/commons-codec-1.17.2.jar:/Users/macbookpro/.m2/repository/software/amazon/awssdk/netty-nio-client/2.31.6/netty-nio-client-2.31.6.jar:/Users/macbookpro/.m2/repository/io/netty/netty-codec-http/4.1.118.Final/netty-codec-http-4.1.118.Final.jar:/Users/macbookpro/.m2/repository/io/netty/netty-codec-http2/4.1.118.Final/netty-codec-http2-4.1.118.Final.jar:/Users/macbookpro/.m2/repository/io/netty/netty-codec/4.1.118.Final/netty-codec-4.1.118.Final.jar:/Users/macbookpro/.m2/repository/io/netty/netty-transport/4.1.118.Final/netty-transport-4.1.118.Final.jar:/Users/macbookpro/.m2/repository/io/netty/netty-common/4.1.118.Final/netty-common-4.1.118.Final.jar:/Users/macbookpro/.m2/repository/io/netty/netty-buffer/4.1.118.Final/netty-buffer-4.1.118.Final.jar:/Users/macbookpro/.m2/repository/io/netty/netty-handler/4.1.118.Final/netty-handler-4.1.118.Final.jar:/Users/macbookpro/.m2/repository/io/netty/netty-transport-native-unix-common/4.1.118.Final/netty-transport-native-unix-common-4.1.118.Final.jar:/Users/macbookpro/.m2/repository/io/netty/netty-transport-classes-epoll/4.1.118.Final/netty-transport-classes-epoll-4.1.118.Final.jar:/Users/macbookpro/.m2/repository/io/netty/netty-resolver/4.1.118.Final/netty-resolver-4.1.118.Final.jar:/Users/macbookpro/.m2/repository/org/springframework/boot/spring-boot-starter-oauth2-resource-server/3.4.3/spring-boot-starter-oauth2-resource-server-3.4.3.jar:/Users/macbookpro/.m2/repository/org/springframework/security/spring-security-config/6.4.3/spring-security-config-6.4.3.jar:/Users/macbookpro/.m2/repository/org/springframework/security/spring-security-core/6.4.3/spring-security-core-6.4.3.jar:/Users/macbookpro/.m2/repository/org/springframework/security/spring-security-crypto/6.4.3/spring-security-crypto-6.4.3.jar:/Users/macbookpro/.m2/repository/org/springframework/security/spring-security-oauth2-resource-server/6.4.3/spring-security-oauth2-resource-server-6.4.3.jar:/Users/macbookpro/.m2/repository/org/springframework/security/spring-security-oauth2-core/6.4.3/spring-security-oauth2-core-6.4.3.jar:/Users/macbookpro/.m2/repository/org/springframework/security/spring-security-oauth2-jose/6.4.3/spring-security-oauth2-jose-6.4.3.jar:/Users/macbookpro/.m2/repository/com/nimbusds/nimbus-jose-jwt/9.37.3/nimbus-jose-jwt-9.37.3.jar:/Users/macbookpro/.m2/repository/com/github/stephenc/jcip/jcip-annotations/1.0-1/jcip-annotations-1.0-1.jar:/Users/macbookpro/.m2/repository/org/springframework/boot/spring-boot-starter-security/3.4.3/spring-boot-starter-security-3.4.3.jar:/Users/macbookpro/.m2/repository/org/springframework/spring-aop/6.2.3/spring-aop-6.2.3.jar:/Users/macbookpro/.m2/repository/org/springframework/security/spring-security-web/6.4.3/spring-security-web-6.4.3.jar:/Users/macbookpro/.m2/repository/com/amazonaws/serverless/aws-serverless-java-container-springboot3/2.0.1/aws-serverless-java-container-springboot3-2.0.1.jar:/Users/macbookpro/.m2/repository/org/springframework/cloud/spring-cloud-function-serverless-web/4.1.1/spring-cloud-function-serverless-web-4.1.1.jar:/Users/macbookpro/.m2/repository/com/amazonaws/serverless/aws-serverless-java-container-core/2.0.1/aws-serverless-java-container-core-2.0.1.jar:/Users/macbookpro/.m2/repository/com/amazonaws/aws-lambda-java-core/1.2.3/aws-lambda-java-core-1.2.3.jar:/Users/macbookpro/.m2/repository/jakarta/servlet/jakarta.servlet-api/6.0.0/jakarta.servlet-api-6.0.0.jar:/Users/macbookpro/.m2/repository/jakarta/ws/rs/jakarta.ws.rs-api/3.1.0/jakarta.ws.rs-api-3.1.0.jar:/Users/macbookpro/.m2/repository/com/fasterxml/jackson/module/jackson-module-afterburner/2.18.2/jackson-module-afterburner-2.18.2.jar:/Users/macbookpro/.m2/repository/org/apache/commons/commons-fileupload2-jakarta-servlet6/2.0.0-M2/commons-fileupload2-jakarta-servlet6-2.0.0-M2.jar:/Users/macbookpro/.m2/repository/org/apache/commons/commons-fileupload2-core/2.0.0-M2/commons-fileupload2-core-2.0.0-M2.jar:/Users/macbookpro/.m2/repository/commons-io/commons-io/2.15.1/commons-io-2.15.1.jar:/Users/macbookpro/.m2/repository/org/slf4j/slf4j-api/2.0.16/slf4j-api-2.0.16.jar:"/>
    <property name="sun.cpu.endian" value="little"/>
    <property name="user.home" value="/Users/macbookpro"/>
    <property name="user.language" value="en"/>
    <property name="java.specification.vendor" value="Oracle Corporation"/>
    <property name="java.version.date" value="2025-01-21"/>
    <property name="java.home" value="/opt/homebrew/Cellar/openjdk/23.0.2/libexec/openjdk.jdk/Contents/Home"/>
    <property name="file.separator" value="/"/>
    <property name="basedir" value="/Users/macbookpro/SafeBite/safe-bite-api"/>
    <property name="java.vm.compressedOopsMode" value="Zero based"/>
    <property name="line.separator" value="&#10;"/>
    <property name="java.vm.specification.vendor" value="Oracle Corporation"/>
    <property name="java.specification.name" value="Java Platform API Specification"/>
    <property name="FILE_LOG_CHARSET" value="UTF-8"/>
    <property name="java.awt.headless" value="true"/>
    <property name="apple.awt.application.name" value="ForkedBooter"/>
    <property name="surefire.real.class.path" value="/Users/macbookpro/SafeBite/safe-bite-api/target/surefire/surefirebooter-20250422192334340_3.jar"/>
    <property name="sun.management.compiler" value="HotSpot 64-Bit Tiered Compilers"/>
    <property name="ftp.nonProxyHosts" value="local|*.local|169.254/16|*.169.254/16"/>
    <property name="java.runtime.version" value="23.0.2"/>
    <property name="user.name" value="macbookpro"/>
    <property name="stdout.encoding" value="UTF-8"/>
    <property name="path.separator" value=":"/>
    <property name="os.version" value="15.3.2"/>
    <property name="java.runtime.name" value="OpenJDK Runtime Environment"/>
    <property name="file.encoding" value="UTF-8"/>
    <property name="java.vm.name" value="OpenJDK 64-Bit Server VM"/>
    <property name="java.vendor.version" value="Homebrew"/>
    <property name="localRepository" value="/Users/macbookpro/.m2/repository"/>
    <property name="java.vendor.url.bug" value="https://github.com/Homebrew/homebrew-core/issues"/>
    <property name="java.io.tmpdir" value="/var/folders/lz/qyb_kkjx0jn3gkgg1czmts_c0000gn/T/"/>
    <property name="com.zaxxer.hikari.pool_number" value="1"/>
    <property name="java.version" value="23.0.2"/>
    <property name="user.dir" value="/Users/macbookpro/SafeBite/safe-bite-api"/>
    <property name="os.arch" value="aarch64"/>
    <property name="java.vm.specification.name" value="Java Virtual Machine Specification"/>
    <property name="PID" value="68133"/>
    <property name="CONSOLE_LOG_CHARSET" value="UTF-8"/>
    <property name="native.encoding" value="UTF-8"/>
    <property name="java.library.path" value="/Users/macbookpro/Library/Java/Extensions:/Library/Java/Extensions:/Network/Library/Java/Extensions:/System/Library/Java/Extensions:/usr/lib/java:."/>
    <property name="java.vm.info" value="mixed mode, sharing"/>
    <property name="stderr.encoding" value="UTF-8"/>
    <property name="java.vendor" value="Homebrew"/>
    <property name="java.vm.version" value="23.0.2"/>
    <property name="sun.io.unicode.encoding" value="UnicodeBig"/>
    <property name="socksNonProxyHosts" value="local|*.local|169.254/16|*.169.254/16"/>
    <property name="java.class.version" value="67.0"/>
    <property name="LOGGED_APPLICATION_NAME" value="[safe-bite] "/>
  </properties>
  <testcase name="contextLoads" classname="com.safe.springboot.api.safe_bite.SafeBiteApplicationTests" time="0.293">
    <system-out><![CDATA[19:23:34.702 [main] INFO org.springframework.test.context.support.AnnotationConfigContextLoaderUtils -- Could not detect default configuration classes for test class [com.safe.springboot.api.safe_bite.SafeBiteApplicationTests]: SafeBiteApplicationTests does not declare any static, non-private, non-final, nested classes annotated with @Configuration.
19:23:34.753 [main] INFO org.springframework.boot.test.context.SpringBootTestContextBootstrapper -- Found @SpringBootConfiguration com.safe.springboot.api.safe_bite.SafeBiteApplication for test class com.safe.springboot.api.safe_bite.SafeBiteApplicationTests
19:23:34.816 [main] INFO org.springframework.boot.devtools.restart.RestartApplicationListener -- Restart disabled due to context in which it is running

  .   ____          _            __ _ _
 /\\ / ___'_ __ _ _(_)_ __  __ _ \ \ \ \
( ( )\___ | '_ | '_| | '_ \/ _` | \ \ \ \
 \\/  ___)| |_)| | | | | || (_| |  ) ) ) )
  '  |____| .__|_| |_|_| |_\__, | / / / /
 =========|_|==============|___/=/_/_/_/

 :: Spring Boot ::                (v3.4.3)

2025-04-22T19:23:34.916+03:00  INFO 68133 --- [safe-bite] [           main] c.a.s.p.s.AwsSpringWebRuntimeInitializer : AWS Environment: {COMMAND_MODE=unix2003, TERM_SESSION_ID=6c766797-081a-420b-855d-36ccad33ecc9, SHLVL=2, SHELL=/bin/zsh, __CFBundleIdentifier=com.jetbrains.intellij, TMPDIR=/var/folders/lz/qyb_kkjx0jn3gkgg1czmts_c0000gn/T/, MAVEN_PROJECTBASEDIR=/Users/macbookpro/SafeBite/safe-bite-api, HOME=/Users/macbookpro, NVM_INC=/Users/macbookpro/.nvm/versions/node/v22.14.0/include/node, PATH=/Users/macbookpro/.nvm/versions/node/v22.14.0/bin:/usr/local/bin:/System/Cryptexes/App/usr/bin:/usr/bin:/bin:/usr/sbin:/sbin:/var/run/com.apple.security.cryptexd/codex.system/bootstrap/usr/local/bin:/var/run/com.apple.security.cryptexd/codex.system/bootstrap/usr/bin:/var/run/com.apple.security.cryptexd/codex.system/bootstrap/usr/appleinternal/bin:/usr/local/share/dotnet:/Users/macbookpro/.dotnet/tools:/Library/Frameworks/Mono.framework/Versions/Current/Commands:/opt/homebrew/bin:/opt/homebrew/bin, LOGNAME=macbookpro, TERM=xterm-256color, XPC_FLAGS=0x0, __CF_USER_TEXT_ENCODING=0x1F5:0x0:0x0, MAVEN_CMD_LINE_ARGS= clean package, NVM_CD_FLAGS=-q, NVM_DIR=/Users/macbookpro/.nvm, LC_CTYPE=UTF-8, JAVA_HOME=/opt/homebrew/opt/openjdk/libexec/openjdk.jdk/Contents/Home, IJ_RESTARTER_LOG=/Users/macbookpro/Library/Logs/JetBrains/IntelliJIdea2024.3/restarter.log, SSH_AUTH_SOCK=/private/tmp/com.apple.launchd.kcYmrTRBnc/Listeners, OLDPWD=/Users/macbookpro/SafeBite/safe-bite-api, XPC_SERVICE_NAME=0, USER=macbookpro, NVM_BIN=/Users/macbookpro/.nvm/versions/node/v22.14.0/bin, PWD=/Users/macbookpro/SafeBite/safe-bite-api, _=/opt/homebrew/Cellar/openjdk/23.0.2/libexec/openjdk.jdk/Contents/Home/bin/java, TERMINAL_EMULATOR=JetBrains-JediTerm}
2025-04-22T19:23:34.918+03:00  INFO 68133 --- [safe-bite] [           main] c.s.s.a.s.SafeBiteApplicationTests       : Starting SafeBiteApplicationTests using Java 23.0.2 with PID 68133 (started by macbookpro in /Users/macbookpro/SafeBite/safe-bite-api)
2025-04-22T19:23:34.918+03:00  INFO 68133 --- [safe-bite] [           main] c.s.s.a.s.SafeBiteApplicationTests       : No active profile set, falling back to 1 default profile: "default"
2025-04-22T19:23:35.200+03:00  INFO 68133 --- [safe-bite] [           main] .s.d.r.c.RepositoryConfigurationDelegate : Bootstrapping Spring Data JPA repositories in DEFAULT mode.
2025-04-22T19:23:35.226+03:00  INFO 68133 --- [safe-bite] [           main] .s.d.r.c.RepositoryConfigurationDelegate : Finished Spring Data repository scanning in 21 ms. Found 3 JPA repository interfaces.
2025-04-22T19:23:35.433+03:00  INFO 68133 --- [safe-bite] [           main] o.hibernate.jpa.internal.util.LogHelper  : HHH000204: Processing PersistenceUnitInfo [name: default]
2025-04-22T19:23:35.458+03:00  INFO 68133 --- [safe-bite] [           main] org.hibernate.Version                    : HHH000412: Hibernate ORM core version 6.6.8.Final
2025-04-22T19:23:35.473+03:00  INFO 68133 --- [safe-bite] [           main] o.h.c.internal.RegionFactoryInitiator    : HHH000026: Second-level cache disabled
2025-04-22T19:23:35.593+03:00  INFO 68133 --- [safe-bite] [           main] o.s.o.j.p.SpringPersistenceUnitInfo      : No LoadTimeWeaver setup: ignoring JPA class transformer
2025-04-22T19:23:35.606+03:00  INFO 68133 --- [safe-bite] [           main] com.zaxxer.hikari.HikariDataSource       : HikariPool-1 - Starting...
2025-04-22T19:23:36.307+03:00  INFO 68133 --- [safe-bite] [           main] com.zaxxer.hikari.pool.HikariPool        : HikariPool-1 - Added connection org.postgresql.jdbc.PgConnection@fe08eaf
2025-04-22T19:23:36.308+03:00  INFO 68133 --- [safe-bite] [           main] com.zaxxer.hikari.HikariDataSource       : HikariPool-1 - Start completed.
2025-04-22T19:23:36.361+03:00  WARN 68133 --- [safe-bite] [           main] org.hibernate.orm.deprecation            : HHH90000025: PostgreSQLDialect does not need to be specified explicitly using 'hibernate.dialect' (remove the property setting and it will be selected by default)
2025-04-22T19:23:36.420+03:00  INFO 68133 --- [safe-bite] [           main] org.hibernate.orm.connections.pooling    : HHH10001005: Database info:
	Database JDBC URL [Connecting through datasource 'HikariDataSource (HikariPool-1)']
	Database driver: undefined/unknown
	Database version: 17.2
	Autocommit mode: undefined/unknown
	Isolation level: undefined/unknown
	Minimum pool size: undefined/unknown
	Maximum pool size: undefined/unknown
2025-04-22T19:23:36.549+03:00  WARN 68133 --- [safe-bite] [           main] org.hibernate.mapping.RootClass          : HHH000038: Composite-id class does not override equals(): com.safe.springboot.api.safe_bite.model.FavoriteId
2025-04-22T19:23:36.549+03:00  WARN 68133 --- [safe-bite] [           main] org.hibernate.mapping.RootClass          : HHH000039: Composite-id class does not override hashCode(): com.safe.springboot.api.safe_bite.model.FavoriteId
2025-04-22T19:23:36.832+03:00  INFO 68133 --- [safe-bite] [           main] o.h.e.t.j.p.i.JtaPlatformInitiator       : HHH000489: No JTA platform available (set 'hibernate.transaction.jta.platform' to enable JTA platform integration)
2025-04-22T19:23:36.948+03:00  INFO 68133 --- [safe-bite] [           main] j.LocalContainerEntityManagerFactoryBean : Initialized JPA EntityManagerFactory for persistence unit 'default'
2025-04-22T19:23:37.329+03:00  WARN 68133 --- [safe-bite] [           main] JpaBaseConfiguration$JpaWebConfiguration : spring.jpa.open-in-view is enabled by default. Therefore, database queries may be performed during view rendering. Explicitly configure spring.jpa.open-in-view to disable this warning
2025-04-22T19:23:37.586+03:00  INFO 68133 --- [safe-bite] [           main] c.s.s.a.s.SafeBiteApplicationTests       : Started SafeBiteApplicationTests in 2.775 seconds (process running for 3.188)
]]></system-out>
    <system-err><![CDATA[Mockito is currently self-attaching to enable the inline-mock-maker. This will no longer work in future releases of the JDK. Please add Mockito as an agent to your build what is described in Mockito's documentation: https://javadoc.io/doc/org.mockito/mockito-core/latest/org/mockito/Mockito.html#0.3
WARNING: A Java agent has been loaded dynamically (/Users/macbookpro/.m2/repository/net/bytebuddy/byte-buddy-agent/1.15.11/byte-buddy-agent-1.15.11.jar)
WARNING: If a serviceability tool is in use, please run with -XX:+EnableDynamicAgentLoading to hide this warning
WARNING: If a serviceability tool is not in use, please run with -Djdk.instrument.traceUsage for more information
WARNING: Dynamic loading of agents will be disallowed by default in a future release
]]></system-err>
  </testcase>
</testsuite>